<?xml version="1.0" encoding="UTF-8"?>
<testsuite name="baseline.Solution28Test" tests="1" skipped="0" failures="0" errors="0" timestamp="2021-10-03T20:11:10" hostname="DESKTOP-OMFAB70" time="0.023">
  <properties/>
  <testcase name="test_counter()" classname="baseline.Solution28Test" time="0.023"/>
  <system-out><![CDATA[The total is 110.]]></system-out>
  <system-err><![CDATA[]]></system-err>
</testsuite>
